#
# There is insufficient memory for the Java Runtime Environment to continue.
# Native memory allocation (mmap) failed to map 134217728 bytes for Failed to commit area from 0x0000000081a00000 to 0x0000000089a00000 of length 134217728.
# Possible reasons:
#   The system is out of physical RAM or swap space
#   The process is running with CompressedOops enabled, and the Java Heap may be blocking the growth of the native heap
# Possible solutions:
#   Reduce memory load on the system
#   Increase physical memory or swap space
#   Check if swap backing store is full
#   Decrease Java heap size (-Xmx/-Xms)
#   Decrease number of Java threads
#   Decrease Java thread stack sizes (-Xss)
#   Set larger code cache with -XX:ReservedCodeCacheSize=
# This output file may be truncated or incomplete.
#
#  Out of Memory Error (./src/hotspot/os/windows/os_windows.cpp:3386), pid=4648, tid=12000
#
# JRE version:  (11.0.16.1+1) (build )
# Java VM: OpenJDK 64-Bit Server VM (11.0.16.1+1, mixed mode, sharing, tiered, compressed oops, g1 gc, windows-amd64)
# No core dump will be written. Minidumps are not enabled by default on client versions of Windows
#

---------------  S U M M A R Y ------------

Command Line: -Dclassworlds.conf=C:\Program Files\NetBeans-12.0\netbeans\java\maven\bin\..\bin\m2.conf -Dmaven.home=C:\Program Files\NetBeans-12.0\netbeans\java\maven\bin\.. -Dlibrary.jansi.path=C:\Program Files\NetBeans-12.0\netbeans\java\maven\bin\..\lib\jansi-native -Dmaven.multiModuleProjectDirectory=D:\WIT\git-commands-Manolescu91\PracticeProgramming org.codehaus.plexus.classworlds.launcher.Launcher -Dmaven.ext.class.path=C:\Program Files\NetBeans-12.0\netbeans\java\maven-nblib\netbeans-eventspy.jar -Dfile.encoding=UTF-8 clean install

Host: Intel(R) Core(TM) i7-6700HQ CPU @ 2.60GHz, 8 cores, 7G,  Windows 10 , 64 bit Build 19041 (10.0.19041.1889)
Time: Fri Oct 14 19:21:05 2022 GMT Summer Time elapsed time: 0.017466 seconds (0d 0h 0m 0s)

---------------  T H R E A D  ---------------

Current thread (0x000001fde92e5000):  JavaThread "Unknown thread" [_thread_in_vm, id=12000, stack(0x00000065e0e00000,0x00000065e0f00000)]

Stack: [0x00000065e0e00000,0x00000065e0f00000]
Native frames: (J=compiled Java code, j=interpreted, Vv=VM code, C=native code)
V  [jvm.dll+0x61f18a]
V  [jvm.dll+0x7abb09]
V  [jvm.dll+0x7ad1f8]
V  [jvm.dll+0x7ad8d3]
V  [jvm.dll+0x24fc38]
V  [jvm.dll+0x61c49a]
V  [jvm.dll+0x610c45]
V  [jvm.dll+0x307b5c]
V  [jvm.dll+0x3079e2]
V  [jvm.dll+0x30c6f6]
V  [jvm.dll+0x352b4f]
V  [jvm.dll+0x352580]
V  [jvm.dll+0x2e4b58]
V  [jvm.dll+0x2e5cb6]
V  [jvm.dll+0x785957]
V  [jvm.dll+0x7870df]
V  [jvm.dll+0x35f899]
V  [jvm.dll+0x7688c0]
V  [jvm.dll+0x3cd3bf]
V  [jvm.dll+0x3cf751]
C  [jli.dll+0x5207]
C  [ucrtbase.dll+0x21bb2]
C  [KERNEL32.DLL+0x17034]
C  [ntdll.dll+0x526a1]


---------------  P R O C E S S  ---------------

Threads class SMR info:
_java_thread_list=0x000001fde70e7800, length=0, elements={
}

Java Threads: ( => current thread )

Other Threads:
  0x000001fde92fc800 GCTaskThread "GC Thread#0" [stack: 0x00000065e0f00000,0x00000065e1000000] [id=5268]
  0x000001fde932e800 ConcurrentGCThread "G1 Main Marker" [stack: 0x00000065e1000000,0x00000065e1100000] [id=16204]
  0x000001fde9330000 ConcurrentGCThread "G1 Conc#0" [stack: 0x00000065e1100000,0x00000065e1200000] [id=15540]

[error occurred during error reporting (printing all threads), id 0xc0000005, EXCEPTION_ACCESS_VIOLATION (0xc0000005) at pc=0x00007ffa8cbc4327]

VM state:not at safepoint (not fully initialized)

VM Mutex/Monitor currently owned by a thread:  ([mutex/lock_event])
[0x000001fde92e29a0] Heap_lock - owner thread: 0x000001fde92e5000

Heap address: 0x0000000081a00000, size: 2022 MB, Compressed Oops mode: Non-zero based: 0x0000000081a00000
Narrow klass base: 0x0000000000000000, Narrow klass shift: 0

GC Heap History (0 events):
No events

Deoptimization events (0 events):
No events

Classes redefined (0 events):
No events

Internal exceptions (0 events):
No events

Events (1 events):
Event: 0.010 Loaded shared library C:\Program Files\Eclipse Adoptium\jdk-11.0.16.101-hotspot\bin\zip.dll


Dynamic libraries:
0x00007ff71d640000 - 0x00007ff71d64d000 	C:\Program Files\Eclipse Adoptium\jdk-11.0.16.101-hotspot\bin\java.exe
0x00007ffb0ac70000 - 0x00007ffb0ae68000 	C:\WINDOWS\SYSTEM32\ntdll.dll
0x00007ffad2a20000 - 0x00007ffad2a37000 	C:\Program Files\Avast Software\Avast\aswhook.dll
0x00007ffb099e0000 - 0x00007ffb09a9d000 	C:\WINDOWS\System32\KERNEL32.DLL
0x00007ffb08530000 - 0x00007ffb08802000 	C:\WINDOWS\System32\KERNELBASE.dll
0x00007ffb08430000 - 0x00007ffb08530000 	C:\WINDOWS\System32\ucrtbase.dll
0x00007ffaffaf0000 - 0x00007ffaffb07000 	C:\Program Files\Eclipse Adoptium\jdk-11.0.16.101-hotspot\bin\jli.dll
0x00007ffb024b0000 - 0x00007ffb024c5000 	C:\Program Files\Eclipse Adoptium\jdk-11.0.16.101-hotspot\bin\VCRUNTIME140.dll
0x00007ffb0a180000 - 0x00007ffb0a31d000 	C:\WINDOWS\System32\USER32.dll
0x00007ffb08ca0000 - 0x00007ffb08cc2000 	C:\WINDOWS\System32\win32u.dll
0x00007ffaf4b90000 - 0x00007ffaf4e2a000 	C:\WINDOWS\WinSxS\amd64_microsoft.windows.common-controls_6595b64144ccf1df_6.0.19041.1110_none_60b5254171f9507e\COMCTL32.dll
0x00007ffb0a490000 - 0x00007ffb0a4bb000 	C:\WINDOWS\System32\GDI32.dll
0x00007ffb08df0000 - 0x00007ffb08e8e000 	C:\WINDOWS\System32\msvcrt.dll
0x00007ffb08a10000 - 0x00007ffb08b1f000 	C:\WINDOWS\System32\gdi32full.dll
0x00007ffb08970000 - 0x00007ffb08a0d000 	C:\WINDOWS\System32\msvcp_win.dll
0x00007ffb08e90000 - 0x00007ffb08ec0000 	C:\WINDOWS\System32\IMM32.DLL
0x00007ffae7130000 - 0x00007ffae71cb000 	C:\Program Files\Eclipse Adoptium\jdk-11.0.16.101-hotspot\bin\msvcp140.dll
0x00007ffa8c8d0000 - 0x00007ffa8d452000 	C:\Program Files\Eclipse Adoptium\jdk-11.0.16.101-hotspot\bin\server\jvm.dll
0x00007ffb0a040000 - 0x00007ffb0a0ee000 	C:\WINDOWS\System32\ADVAPI32.dll
0x00007ffb09e80000 - 0x00007ffb09f1c000 	C:\WINDOWS\System32\sechost.dll
0x00007ffb09b20000 - 0x00007ffb09c45000 	C:\WINDOWS\System32\RPCRT4.dll
0x00007ffb09c50000 - 0x00007ffb09c58000 	C:\WINDOWS\System32\PSAPI.DLL
0x00007ffaf15e0000 - 0x00007ffaf15e9000 	C:\WINDOWS\SYSTEM32\WSOCK32.dll
0x00007ffaf4fe0000 - 0x00007ffaf5007000 	C:\WINDOWS\SYSTEM32\WINMM.dll
0x00007ffb00150000 - 0x00007ffb0015a000 	C:\WINDOWS\SYSTEM32\VERSION.dll
0x00007ffb08d80000 - 0x00007ffb08deb000 	C:\WINDOWS\System32\WS2_32.dll
0x00007ffb06c20000 - 0x00007ffb06c32000 	C:\WINDOWS\SYSTEM32\kernel.appcore.dll
0x00007ffb02490000 - 0x00007ffb024a0000 	C:\Program Files\Eclipse Adoptium\jdk-11.0.16.101-hotspot\bin\verify.dll
0x00007ffb068a0000 - 0x00007ffb06a84000 	C:\WINDOWS\SYSTEM32\DBGHELP.DLL
0x00007ffafdb60000 - 0x00007ffafdb8c000 	C:\WINDOWS\SYSTEM32\dbgcore.DLL
0x00007ffb08be0000 - 0x00007ffb08c62000 	C:\WINDOWS\System32\bcryptPrimitives.dll
0x00007ffb01b20000 - 0x00007ffb01b48000 	C:\Program Files\Eclipse Adoptium\jdk-11.0.16.101-hotspot\bin\java.dll
0x00007ffb02480000 - 0x00007ffb0248a000 	C:\Program Files\Eclipse Adoptium\jdk-11.0.16.101-hotspot\bin\jimage.dll
0x00007ffaffed0000 - 0x00007ffaffee8000 	C:\Program Files\Eclipse Adoptium\jdk-11.0.16.101-hotspot\bin\zip.dll

dbghelp: loaded successfully - version: 4.0.5 - missing functions: none
symbol engine: initialized successfully - sym options: 0x614 - pdb path: .;C:\Program Files\Eclipse Adoptium\jdk-11.0.16.101-hotspot\bin;C:\WINDOWS\SYSTEM32;C:\Program Files\Avast Software\Avast;C:\WINDOWS\WinSxS\amd64_microsoft.windows.common-controls_6595b64144ccf1df_6.0.19041.1110_none_60b5254171f9507e;C:\Program Files\Eclipse Adoptium\jdk-11.0.16.101-hotspot\bin\server

VM Arguments:
jvm_args: -Dclassworlds.conf=C:\Program Files\NetBeans-12.0\netbeans\java\maven\bin\..\bin\m2.conf -Dmaven.home=C:\Program Files\NetBeans-12.0\netbeans\java\maven\bin\.. -Dlibrary.jansi.path=C:\Program Files\NetBeans-12.0\netbeans\java\maven\bin\..\lib\jansi-native -Dmaven.multiModuleProjectDirectory=D:\WIT\git-commands-Manolescu91\PracticeProgramming 
java_command: org.codehaus.plexus.classworlds.launcher.Launcher -Dmaven.ext.class.path=C:\Program Files\NetBeans-12.0\netbeans\java\maven-nblib\netbeans-eventspy.jar -Dfile.encoding=UTF-8 clean install
java_class_path (initial): C:\Program Files\NetBeans-12.0\netbeans\java\maven\bin\..\boot\plexus-classworlds-2.6.0.jar
Launcher Type: SUN_STANDARD

[Global flags]
     intx CICompilerCount                          = 4                                         {product} {ergonomic}
     uint ConcGCThreads                            = 2                                         {product} {ergonomic}
     uint G1ConcRefinementThreads                  = 8                                         {product} {ergonomic}
   size_t G1HeapRegionSize                         = 1048576                                   {product} {ergonomic}
    uintx GCDrainStackTargetSize                   = 64                                        {product} {ergonomic}
   size_t InitialHeapSize                          = 134217728                                 {product} {ergonomic}
   size_t MarkStackSize                            = 4194304                                   {product} {ergonomic}
   size_t MaxHeapSize                              = 2120220672                                {product} {ergonomic}
   size_t MinHeapDeltaBytes                        = 1048576                                   {product} {ergonomic}
    uintx NonNMethodCodeHeapSize                   = 5836300                                {pd product} {ergonomic}
    uintx NonProfiledCodeHeapSize                  = 122910970                              {pd product} {ergonomic}
    uintx ProfiledCodeHeapSize                     = 122910970                              {pd product} {ergonomic}
    uintx ReservedCodeCacheSize                    = 251658240                              {pd product} {ergonomic}
     bool SegmentedCodeCache                       = true                                      {product} {ergonomic}
     bool UseCompressedClassPointers               = true                                 {lp64_product} {ergonomic}
     bool UseCompressedOops                        = true                                 {lp64_product} {ergonomic}
     bool UseG1GC                                  = true                                      {product} {ergonomic}
     bool UseLargePagesIndividualAllocation        = false                                  {pd product} {ergonomic}

Logging:
Log output configuration:
 #0: stdout all=warning uptime,level,tags
 #1: stderr all=off uptime,level,tags

Environment Variables:
JAVA_HOME=C:\Program Files\Eclipse Adoptium\jdk-11.0.16.101-hotspot
PATH=C:\Program Files\Eclipse Adoptium\jdk-11.0.16.101-hotspot\bin;C:\WINDOWS\system32;C:\WINDOWS;C:\WINDOWS\System32\Wbem;C:\WINDOWS\System32\WindowsPowerShell\v1.0\;C:\WINDOWS\System32\OpenSSH\;C:\Users\LOVE\AppData\Local\Programs\Python\Python310;C:\Program Files\Git\cmd;C:\Users\LOVE\AppData\Local\Microsoft\WindowsApps;C:\Users\LOVE\AppData\Local\Programs\Microsoft VS Code\bin;C:\Users\LOVE\AppData\Local\Programs\Python\Python310;C:\Users\LOVE\AppData\Local\Programs\Python\Python310\Scripts;
USERNAME=LOVE
OS=Windows_NT
PROCESSOR_IDENTIFIER=Intel64 Family 6 Model 94 Stepping 3, GenuineIntel
TMP=C:\Users\LOVE\AppData\Local\Temp
TEMP=C:\Users\LOVE\AppData\Local\Temp



---------------  S Y S T E M  ---------------

OS: Windows 10 , 64 bit Build 19041 (10.0.19041.1889)
OS uptime: 1 days 10:32 hours

CPU:total 8 (initial active 8) (4 cores per cpu, 2 threads per core) family 6 model 94 stepping 3 microcode 0xcc, cmov, cx8, fxsr, mmx, sse, sse2, sse3, ssse3, sse4.1, sse4.2, popcnt, avx, avx2, aes, clmul, erms, rtm, 3dnowpref, lzcnt, ht, tsc, tscinvbit, bmi1, bmi2, adx, fma

Memory: 4k page, system-wide physical 8081M (1998M free)
TotalPageFile size 21289M (AvailPageFile size 34M)
current process WorkingSet (physical memory assigned to process): 10M, peak: 10M
current process commit charge ("private bytes"): 60M, peak: 188M

vm_info: OpenJDK 64-Bit Server VM (11.0.16.1+1) for windows-amd64 JRE (11.0.16.1+1), built on Aug 16 2022 02:58:04 by "" with MS VC++ 15.9 (VS2017)

END.
